<?xml version="1.0" encoding="UTF-8"?>
<!-- Generated by org.testng.reporters.JUnitReportReporter -->
<testsuite skipped="0" hostname="DESKTOP-TOPC4IM" name="Basics.smokeTest" tests="3" failures="0" timestamp="11 Feb 2018 08:25:52 GMT" time="0.116" errors="0">
  <testcase name="subTest" time="0.098" classname="Basics.smokeTest"/>
  <testcase name="addTest" time="0.006" classname="Basics.smokeTest"/>
  <testcase name="mulTest" time="0.012" classname="Basics.smokeTest"/>
</testsuite> <!-- Basics.smokeTest -->
