<?xml version="1.0" encoding="UTF-8"?>
<!-- Generated by org.testng.reporters.JUnitReportReporter -->
<testsuite hostname="DESKTOP-TOPC4IM" name="Testng_session.DataDriven_Session" tests="3" failures="0" timestamp="18 Feb 2018 07:57:41 GMT" time="0.017" errors="0">
  <testcase name="logintest" time="0.015" classname="Testng_session.DataDriven_Session"/>
  <testcase name="logintest" time="0.001" classname="Testng_session.DataDriven_Session"/>
  <testcase name="logintest" time="0.001" classname="Testng_session.DataDriven_Session"/>
</testsuite> <!-- Testng_session.DataDriven_Session -->
