<?xml version="1.0" encoding="UTF-8"?>
<!-- Generated by org.testng.reporters.JUnitReportReporter -->
<testsuite hostname="DESKTOP-TOPC4IM" name="Basics.BasicAnnotations" tests="2" failures="0" timestamp="11 Feb 2018 15:04:55 GMT" time="0.006" errors="0">
  <testcase name="test1" time="0.005" classname="Basics.BasicAnnotations"/>
  <testcase name="test2" time="0.001" classname="Basics.BasicAnnotations"/>
</testsuite> <!-- Basics.BasicAnnotations -->
